<?xml version="1.0" encoding="UTF-8"?>
<!-- Generated by org.testng.reporters.JUnitXMLReporter -->
<testsuite hostname="K-ASHIK-L1" ignored="0" name="Parameterization Test in TestNG" tests="2" failures="0" timestamp="05 Jan 2021 09:10:51 GMT" time="0.045" errors="0">
  <testcase name="testCaseOne" time="0.01" classname="parameterizationIntestNG.parameterizationTestNG"/>
  <testcase name="testCaseTwo" time="0.003" classname="parameterizationIntestNG.parameterizationTestNG"/>
</testsuite> <!-- Parameterization Test in TestNG -->
