<?xml version="1.0" encoding="UTF-8"?>
<!-- Generated by org.testng.reporters.JUnitXMLReporter -->
<testsuite hostname="K-ASHIK-L1" ignored="0" name="Regression Test" tests="2" failures="0" timestamp="05 Jan 2021 06:39:13 GMT" time="0.012" errors="0">
  <testcase name="addUserTest" time="0.004" classname="multipleTestsWithTestNG.Record.addUserTestCase"/>
  <testcase name="deleteUserTest" time="0.001" classname="multipleTestsWithTestNG.Record.deleteUserTestCase"/>
</testsuite> <!-- Regression Test -->
