<?xml version="1.0" encoding="UTF-8"?>
<!-- Generated by org.testng.reporters.JUnitXMLReporter -->
<testsuite hostname="K-ASHIK-L1" ignored="0" name="Regression Test" tests="2" failures="0" timestamp="05 Jan 2021 09:10:52 GMT" time="0.017" errors="0">
  <testcase name="addUserTest" time="0.003" classname="multipleTestsWithTestNG.Record.addUserTestCase"/>
  <testcase name="deleteUserTest" time="0.005" classname="multipleTestsWithTestNG.Record.deleteUserTestCase"/>
</testsuite> <!-- Regression Test -->
