<?xml version="1.0" encoding="UTF-8"?>
<!-- Generated by org.testng.reporters.JUnitXMLReporter -->
<testsuite hostname="K-ASHIK-L1" ignored="1" name="Unit Level Test" tests="3" failures="0" timestamp="05 Jan 2021 09:10:52 GMT" time="0.017" errors="0">
  <testcase name="addLocationTestCase" time="0.001" classname="multipleTestsWithTestNG.Entry.AddTestCase"/>
  <testcase name="addDepartmentTestCase" time="0.003" classname="multipleTestsWithTestNG.Entry.AddTestCase"/>
  <testcase name="editLocationTestCase" time="0.002" classname="multipleTestsWithTestNG.Entry.EditTestCase"/>
  <testcase name="addEmployeeTestCase" time="0.0" classname="multipleTestsWithTestNG.Entry.AddTestCase">
    <ignored/>
  </testcase> <!-- addEmployeeTestCase -->
</testsuite> <!-- Unit Level Test -->
