<?xml version="1.0" encoding="UTF-8"?>
<!-- Generated by org.testng.reporters.JUnitXMLReporter -->
<testsuite hostname="K-ASHIK-L1" ignored="0" name="TestNG logs sample" tests="3" failures="1" timestamp="04 Jan 2021 09:04:41 GMT" time="0.064" errors="0">
  <testcase name="methodAddingNumbers" time="0.015" classname="testNgLogging.LoggingClass"/>
  <testcase name="divideByZero" time="0.003" classname="testNgLogging.LoggingClass">
    <failure type="java.lang.ArithmeticException" message="/ by zero">
      <![CDATA[java.lang.ArithmeticException: / by zero
at testNgLogging.LoggingClass.divideByZero(LoggingClass.java:12)
... Removed 25 stack frames]]>
    </failure>
  </testcase> <!-- divideByZero -->
  <testcase name="methodSkip" time="0.0" classname="testNgLogging.LoggingClass">
    <skipped/>
  </testcase> <!-- methodSkip -->
</testsuite> <!-- TestNG logs sample -->
