<?xml version="1.0" encoding="UTF-8"?>
<!-- Generated by org.testng.reporters.JUnitXMLReporter -->
<testsuite hostname="K-ASHIK-L1" ignored="0" name="Regression 1" tests="2" failures="0" timestamp="05 Jan 2021 09:38:37 GMT" time="0.055" errors="0">
  <testcase name="testCaseTwo" time="0.017" classname="parallelExecutionOfTestMethods.parallelWithTestNG"/>
  <testcase name="testCaseOne" time="0.017" classname="parallelExecutionOfTestMethods.parallelWithTestNG"/>
</testsuite> <!-- Regression 1 -->
