<?xml version="1.0" encoding="UTF-8"?>
<!-- Generated by org.testng.reporters.JUnitXMLReporter -->
<testsuite hostname="K-ASHIK-L1" ignored="0" name="Test 1" tests="4" failures="0" timestamp="05 Jan 2021 11:15:03 GMT" time="0.059" errors="0">
  <testcase name="testCaseOne" time="0.015" classname="parallelExecutionOfClasses.TestParallelClassOne"/>
  <testcase name="testCaseOne" time="0.015" classname="parallelExecutionOfClasses.TestParallelClassTwo"/>
  <testcase name="testCaseTwo" time="0.005" classname="parallelExecutionOfClasses.TestParallelClassTwo"/>
  <testcase name="testCaseTwo" time="0.006" classname="parallelExecutionOfClasses.TestParallelClassOne"/>
</testsuite> <!-- Test 1 -->
