<?xml version="1.0" encoding="UTF-8"?>
<!-- Generated by org.testng.reporters.JUnitXMLReporter -->
<testsuite hostname="K-ASHIK-L1" ignored="0" name="Method Test Cases" tests="2" failures="0" timestamp="12 Jan 2021 04:55:03 GMT" time="0.046" errors="0">
  <testcase name="testOptionParamOne" time="0.011" classname="optionalAnnotation.optionalParamExample"/>
  <testcase name="testOptionParamTwo" time="0.002" classname="optionalAnnotation.optionalParamExample"/>
</testsuite> <!-- Method Test Cases -->
