<?xml version="1.0" encoding="UTF-8"?>
<testng-results skipped="0" failed="0" ignored="0" total="2" passed="2">
  <reporter-output>
  </reporter-output>
  <suite name="Sample Test Suite" duration-ms="46" started-at="2021-01-12T04:55:03Z" finished-at="2021-01-12T04:55:03Z">
    <groups>
    </groups>
    <test name="Method Test Cases" duration-ms="46" started-at="2021-01-12T04:55:03Z" finished-at="2021-01-12T04:55:03Z">
      <class name="optionalAnnotation.optionalParamExample">
        <test-method status="PASS" signature="testOptionParamOne(java.lang.String)[pri:0, instance:optionalAnnotation.optionalParamExample@1d057a39]" name="testOptionParamOne" duration-ms="11" started-at="2021-01-12T04:55:03Z" finished-at="2021-01-12T04:55:03Z">
          <params>
            <param index="0">
              <value>
                <![CDATA[First parameter]]>
              </value>
            </param>
          </params>
          <reporter-output>
          </reporter-output>
        </test-method> <!-- testOptionParamOne -->
        <test-method status="PASS" signature="testOptionParamTwo(java.lang.String)[pri:0, instance:optionalAnnotation.optionalParamExample@1d057a39]" name="testOptionParamTwo" duration-ms="2" started-at="2021-01-12T04:55:03Z" finished-at="2021-01-12T04:55:03Z">
          <params>
            <param index="0">
              <value>
                <![CDATA[Second parameter]]>
              </value>
            </param>
          </params>
          <reporter-output>
          </reporter-output>
        </test-method> <!-- testOptionParamTwo -->
      </class> <!-- optionalAnnotation.optionalParamExample -->
    </test> <!-- Method Test Cases -->
  </suite> <!-- Sample Test Suite -->
</testng-results>
