<?xml version="1.0" encoding="UTF-8"?>
<testng-results skipped="0" failed="0" ignored="0" total="3" passed="3">
  <reporter-output>
  </reporter-output>
  <suite name="Default suite" duration-ms="47" started-at="2020-12-31T08:57:44Z" finished-at="2020-12-31T08:57:44Z">
    <groups>
    </groups>
    <test name="Default test" duration-ms="47" started-at="2020-12-31T08:57:44Z" finished-at="2020-12-31T08:57:44Z">
      <class name="testNgPriority.testCasePriority">
        <test-method status="PASS" signature="Registration()[pri:0, instance:testNgPriority.testCasePriority@1810399e]" name="Registration" duration-ms="9" started-at="2020-12-31T08:57:44Z" finished-at="2020-12-31T08:57:44Z">
          <reporter-output>
          </reporter-output>
        </test-method> <!-- Registration -->
        <test-method status="PASS" signature="Email()[pri:2, instance:testNgPriority.testCasePriority@1810399e]" name="Email" duration-ms="3" started-at="2020-12-31T08:57:44Z" finished-at="2020-12-31T08:57:44Z">
          <reporter-output>
          </reporter-output>
        </test-method> <!-- Email -->
        <test-method status="PASS" signature="Login()[pri:3, instance:testNgPriority.testCasePriority@1810399e]" name="Login" duration-ms="2" started-at="2020-12-31T08:57:44Z" finished-at="2020-12-31T08:57:44Z">
          <reporter-output>
          </reporter-output>
        </test-method> <!-- Login -->
      </class> <!-- testNgPriority.testCasePriority -->
    </test> <!-- Default test -->
  </suite> <!-- Default suite -->
</testng-results>
